[debug] [2023-08-23T00:03:02.049Z] ----------------------------------------------------------------------
[debug] [2023-08-23T00:03:02.051Z] Command:       C:\Program Files\nodejs\node.exe C:\Users\juanp\AppData\Roaming\npm\node_modules\firebase-tools\lib\bin\firebase.js init
[debug] [2023-08-23T00:03:02.051Z] CLI Version:   12.5.0
[debug] [2023-08-23T00:03:02.051Z] Platform:      win32
[debug] [2023-08-23T00:03:02.051Z] Node Version:  v18.16.0
[debug] [2023-08-23T00:03:02.052Z] Time:          Tue Aug 22 2023 21:03:02 GMT-0300 (hora estándar de Uruguay)
[debug] [2023-08-23T00:03:02.052Z] ----------------------------------------------------------------------
[debug] 
[debug] [2023-08-23T00:03:02.122Z] > command requires scopes: ["email","openid","https://www.googleapis.com/auth/cloudplatformprojects.readonly","https://www.googleapis.com/auth/firebase","https://www.googleapis.com/auth/cloud-platform"]
[debug] [2023-08-23T00:03:02.123Z] > authorizing via signed-in user (juanpa.box.77@gmail.com)
[info] 
     ######## #### ########  ######## ########     ###     ######  ########
     ##        ##  ##     ## ##       ##     ##  ##   ##  ##       ##
     ######    ##  ########  ######   ########  #########  ######  ######
     ##        ##  ##    ##  ##       ##     ## ##     ##       ## ##
     ##       #### ##     ## ######## ########  ##     ##  ######  ########

You're about to initialize a Firebase project in this directory:

  C:\Users\juanp\clientProjects\shaddaiInmobiliaria\fireCms

Before we get started, keep in mind:

  * You are initializing within an existing Firebase project directory

[info] 
=== Project Setup
[info] 
[info] First, let's associate this project directory with a Firebase project.
[info] You can create multiple project aliases by running firebase use --add, 
[info] but for now we'll just set up a default project.
[info] 
[debug] [2023-08-23T00:03:30.086Z] >>> [apiv2][query] GET https://firebase.googleapis.com/v1beta1/projects pageSize=100
[debug] [2023-08-23T00:03:30.842Z] <<< [apiv2][status] GET https://firebase.googleapis.com/v1beta1/projects 200
[debug] [2023-08-23T00:03:30.843Z] <<< [apiv2][body] GET https://firebase.googleapis.com/v1beta1/projects [omitted]
[info] i  Using project real-estate-cms-9b6be (real-estate-cms) 
[info] 
=== Database Setup
[info] i  database: ensuring required API firebasedatabase.googleapis.com is enabled... 
[debug] [2023-08-23T00:03:35.275Z] >>> [apiv2][query] GET https://serviceusage.googleapis.com/v1/projects/real-estate-cms-9b6be/services/firebasedatabase.googleapis.com [none]
[debug] [2023-08-23T00:03:35.276Z] >>> [apiv2][(partial)header] GET https://serviceusage.googleapis.com/v1/projects/real-estate-cms-9b6be/services/firebasedatabase.googleapis.com x-goog-quota-user=projects/real-estate-cms-9b6be
[debug] [2023-08-23T00:03:36.400Z] <<< [apiv2][status] GET https://serviceusage.googleapis.com/v1/projects/real-estate-cms-9b6be/services/firebasedatabase.googleapis.com 200
[debug] [2023-08-23T00:03:36.401Z] <<< [apiv2][body] GET https://serviceusage.googleapis.com/v1/projects/real-estate-cms-9b6be/services/firebasedatabase.googleapis.com [omitted]
[warn] !  database: missing required API firebasedatabase.googleapis.com. Enabling now... 
[debug] [2023-08-23T00:03:36.401Z] >>> [apiv2][query] POST https://serviceusage.googleapis.com/v1/projects/real-estate-cms-9b6be/services/firebasedatabase.googleapis.com:enable [none]
[debug] [2023-08-23T00:03:36.402Z] >>> [apiv2][(partial)header] POST https://serviceusage.googleapis.com/v1/projects/real-estate-cms-9b6be/services/firebasedatabase.googleapis.com:enable x-goog-quota-user=projects/real-estate-cms-9b6be
[debug] [2023-08-23T00:03:38.129Z] <<< [apiv2][status] POST https://serviceusage.googleapis.com/v1/projects/real-estate-cms-9b6be/services/firebasedatabase.googleapis.com:enable 200
[debug] [2023-08-23T00:03:38.129Z] <<< [apiv2][body] POST https://serviceusage.googleapis.com/v1/projects/real-estate-cms-9b6be/services/firebasedatabase.googleapis.com:enable [omitted]
[debug] [2023-08-23T00:03:48.134Z] >>> [apiv2][query] GET https://serviceusage.googleapis.com/v1/projects/real-estate-cms-9b6be/services/firebasedatabase.googleapis.com [none]
[debug] [2023-08-23T00:03:48.134Z] >>> [apiv2][(partial)header] GET https://serviceusage.googleapis.com/v1/projects/real-estate-cms-9b6be/services/firebasedatabase.googleapis.com x-goog-quota-user=projects/real-estate-cms-9b6be
[debug] [2023-08-23T00:03:49.433Z] <<< [apiv2][status] GET https://serviceusage.googleapis.com/v1/projects/real-estate-cms-9b6be/services/firebasedatabase.googleapis.com 200
[debug] [2023-08-23T00:03:49.433Z] <<< [apiv2][body] GET https://serviceusage.googleapis.com/v1/projects/real-estate-cms-9b6be/services/firebasedatabase.googleapis.com [omitted]
[info] +  database: required API firebasedatabase.googleapis.com is enabled 
[info] 
[debug] [2023-08-23T00:03:49.436Z] >>> [apiv2][query] GET https://firebase.googleapis.com/v1beta1/projects/real-estate-cms-9b6be [none]
[debug] [2023-08-23T00:03:49.846Z] <<< [apiv2][status] GET https://firebase.googleapis.com/v1beta1/projects/real-estate-cms-9b6be 200
[debug] [2023-08-23T00:03:49.846Z] <<< [apiv2][body] GET https://firebase.googleapis.com/v1beta1/projects/real-estate-cms-9b6be {"projectId":"real-estate-cms-9b6be","projectNumber":"91132851986","displayName":"real-estate-cms","name":"projects/real-estate-cms-9b6be","resources":{"hostingSite":"real-estate-cms-9b6be","storageBucket":"real-estate-cms-9b6be.appspot.com","locationId":"southamerica-east1"},"state":"ACTIVE","etag":"1_6a866c3a-2f3f-471b-8a39-6a614e36d78a"}
[debug] [2023-08-23T00:04:31.011Z] >>> [apiv2][query] POST https://firebasedatabase.googleapis.com/v1beta/projects/real-estate-cms-9b6be/locations/us-central1/instances databaseId=real-estate-cms-9b6be-default-rtdb&validateOnly=true
[debug] [2023-08-23T00:04:31.011Z] >>> [apiv2][body] POST https://firebasedatabase.googleapis.com/v1beta/projects/real-estate-cms-9b6be/locations/us-central1/instances {"type":"default_database"}
[debug] [2023-08-23T00:04:32.244Z] <<< [apiv2][status] POST https://firebasedatabase.googleapis.com/v1beta/projects/real-estate-cms-9b6be/locations/us-central1/instances 200
[debug] [2023-08-23T00:04:32.244Z] <<< [apiv2][body] POST https://firebasedatabase.googleapis.com/v1beta/projects/real-estate-cms-9b6be/locations/us-central1/instances {"name":"projects/91132851986/locations/us-central1/instances/real-estate-cms-9b6be-default-rtdb","project":"projects/91132851986","databaseUrl":"https://real-estate-cms-9b6be-default-rtdb.firebaseio.com","type":"DEFAULT_DATABASE","state":"ACTIVE"}
[debug] [2023-08-23T00:04:32.245Z] >>> [apiv2][query] POST https://firebasedatabase.googleapis.com/v1beta/projects/real-estate-cms-9b6be/locations/us-central1/instances databaseId=real-estate-cms-9b6be-default-rtdb
[debug] [2023-08-23T00:04:32.245Z] >>> [apiv2][body] POST https://firebasedatabase.googleapis.com/v1beta/projects/real-estate-cms-9b6be/locations/us-central1/instances {"type":"default_database"}
[debug] [2023-08-23T00:04:33.544Z] <<< [apiv2][status] POST https://firebasedatabase.googleapis.com/v1beta/projects/real-estate-cms-9b6be/locations/us-central1/instances 200
[debug] [2023-08-23T00:04:33.544Z] <<< [apiv2][body] POST https://firebasedatabase.googleapis.com/v1beta/projects/real-estate-cms-9b6be/locations/us-central1/instances {"name":"projects/91132851986/locations/us-central1/instances/real-estate-cms-9b6be-default-rtdb","project":"projects/91132851986","databaseUrl":"https://real-estate-cms-9b6be-default-rtdb.firebaseio.com","type":"DEFAULT_DATABASE","state":"ACTIVE"}
[info] 
[info] Firebase Realtime Database Security Rules allow you to define how your data should be
[info] structured and when your data can be read from and written to.
[info] 
[debug] [2023-08-23T00:04:45.596Z] >>> [apiv2][query] GET https://real-estate-cms-9b6be-default-rtdb.firebaseio.com/.settings/rules.json [none]
[debug] [2023-08-23T00:04:47.473Z] <<< [apiv2][status] GET https://real-estate-cms-9b6be-default-rtdb.firebaseio.com/.settings/rules.json 200
[debug] [2023-08-23T00:04:47.473Z] <<< [apiv2][body] GET https://real-estate-cms-9b6be-default-rtdb.firebaseio.com/.settings/rules.json [stream]
[debug] [2023-08-23T00:04:47.601Z] Error: ENOENT: no such file or directory, open 'C:\Users\juanp\clientProjects\shaddaiInmobiliaria\fireCms\	'
    at Object.openSync (node:fs:601:3)
    at Object.writeFileSync (node:fs:2249:35)
    at Object.createFileSync (C:\Users\juanp\AppData\Roaming\npm\node_modules\firebase-tools\node_modules\fs-extra\lib\ensure\file.js:63:6)
    at Config.writeProjectFile (C:\Users\juanp\AppData\Roaming\npm\node_modules\firebase-tools\lib\config.js:152:12)
    at writeDBRules (C:\Users\juanp\AppData\Roaming\npm\node_modules\firebase-tools\lib\init\features\database.js:33:12)
    at doSetup (C:\Users\juanp\AppData\Roaming\npm\node_modules\firebase-tools\lib\init\features\database.js:123:13)
    at process.processTicksAndRejections (node:internal/process/task_queues:95:5)
    at async init (C:\Users\juanp\AppData\Roaming\npm\node_modules\firebase-tools\lib\init\index.js:41:9)
[error] 
[error] Error: An unexpected error has occurred.
[debug] [2023-08-23T00:04:56.078Z] ----------------------------------------------------------------------
[debug] [2023-08-23T00:04:56.080Z] Command:       C:\Program Files\nodejs\node.exe C:\Users\juanp\AppData\Roaming\npm\node_modules\firebase-tools\lib\bin\firebase.js init
[debug] [2023-08-23T00:04:56.080Z] CLI Version:   12.5.0
[debug] [2023-08-23T00:04:56.081Z] Platform:      win32
[debug] [2023-08-23T00:04:56.081Z] Node Version:  v18.16.0
[debug] [2023-08-23T00:04:56.082Z] Time:          Tue Aug 22 2023 21:04:56 GMT-0300 (hora estándar de Uruguay)
[debug] [2023-08-23T00:04:56.082Z] ----------------------------------------------------------------------
[debug] 
[debug] [2023-08-23T00:04:56.175Z] > command requires scopes: ["email","openid","https://www.googleapis.com/auth/cloudplatformprojects.readonly","https://www.googleapis.com/auth/firebase","https://www.googleapis.com/auth/cloud-platform"]
[debug] [2023-08-23T00:04:56.176Z] > authorizing via signed-in user (juanpa.box.77@gmail.com)
[info] 
     ######## #### ########  ######## ########     ###     ######  ########
     ##        ##  ##     ## ##       ##     ##  ##   ##  ##       ##
     ######    ##  ########  ######   ########  #########  ######  ######
     ##        ##  ##    ##  ##       ##     ## ##     ##       ## ##
     ##       #### ##     ## ######## ########  ##     ##  ######  ########

You're about to initialize a Firebase project in this directory:

  C:\Users\juanp\clientProjects\shaddaiInmobiliaria\fireCms

Before we get started, keep in mind:

  * You are initializing within an existing Firebase project directory

[info] 
=== Project Setup
[info] 
[info] First, let's associate this project directory with a Firebase project.
[info] You can create multiple project aliases by running firebase use --add, 
[info] but for now we'll just set up a default project.
[info] 
[debug] [2023-08-23T00:05:21.762Z] Using project from CLI flag: real-estate-cms-9b6be
[debug] [2023-08-23T00:05:21.764Z] >>> [apiv2][query] GET https://firebase.googleapis.com/v1beta1/projects/real-estate-cms-9b6be [none]
[debug] [2023-08-23T00:05:22.305Z] <<< [apiv2][status] GET https://firebase.googleapis.com/v1beta1/projects/real-estate-cms-9b6be 200
[debug] [2023-08-23T00:05:22.305Z] <<< [apiv2][body] GET https://firebase.googleapis.com/v1beta1/projects/real-estate-cms-9b6be {"projectId":"real-estate-cms-9b6be","projectNumber":"91132851986","displayName":"real-estate-cms","name":"projects/real-estate-cms-9b6be","resources":{"hostingSite":"real-estate-cms-9b6be","realtimeDatabaseInstance":"real-estate-cms-9b6be-default-rtdb","storageBucket":"real-estate-cms-9b6be.appspot.com","locationId":"southamerica-east1"},"state":"ACTIVE","etag":"1_6a866c3a-2f3f-471b-8a39-6a614e36d78a"}
[info] i  Using project real-estate-cms-9b6be (real-estate-cms) 
[info] 
=== Database Setup
[info] i  database: ensuring required API firebasedatabase.googleapis.com is enabled... 
[debug] [2023-08-23T00:05:22.312Z] >>> [apiv2][query] GET https://serviceusage.googleapis.com/v1/projects/real-estate-cms-9b6be/services/firebasedatabase.googleapis.com [none]
[debug] [2023-08-23T00:05:22.312Z] >>> [apiv2][(partial)header] GET https://serviceusage.googleapis.com/v1/projects/real-estate-cms-9b6be/services/firebasedatabase.googleapis.com x-goog-quota-user=projects/real-estate-cms-9b6be
[debug] [2023-08-23T00:05:23.697Z] <<< [apiv2][status] GET https://serviceusage.googleapis.com/v1/projects/real-estate-cms-9b6be/services/firebasedatabase.googleapis.com 200
[debug] [2023-08-23T00:05:23.698Z] <<< [apiv2][body] GET https://serviceusage.googleapis.com/v1/projects/real-estate-cms-9b6be/services/firebasedatabase.googleapis.com [omitted]
[info] +  database: required API firebasedatabase.googleapis.com is enabled 
[info] 
[debug] [2023-08-23T00:05:23.698Z] >>> [apiv2][query] GET https://firebasedatabase.googleapis.com/v1beta/projects/real-estate-cms-9b6be/locations/-/instances/real-estate-cms-9b6be-default-rtdb [none]
[debug] [2023-08-23T00:05:24.718Z] <<< [apiv2][status] GET https://firebasedatabase.googleapis.com/v1beta/projects/real-estate-cms-9b6be/locations/-/instances/real-estate-cms-9b6be-default-rtdb 200
[debug] [2023-08-23T00:05:24.719Z] <<< [apiv2][body] GET https://firebasedatabase.googleapis.com/v1beta/projects/real-estate-cms-9b6be/locations/-/instances/real-estate-cms-9b6be-default-rtdb {"name":"projects/91132851986/locations/us-central1/instances/real-estate-cms-9b6be-default-rtdb","project":"projects/91132851986","databaseUrl":"https://real-estate-cms-9b6be-default-rtdb.firebaseio.com","type":"DEFAULT_DATABASE","state":"ACTIVE"}
[info] 
[info] Firebase Realtime Database Security Rules allow you to define how your data should be
[info] structured and when your data can be read from and written to.
[info] 
[debug] [2023-08-23T00:07:38.054Z] ----------------------------------------------------------------------
[debug] [2023-08-23T00:07:38.055Z] Command:       C:\Program Files\nodejs\node.exe C:\Users\juanp\AppData\Roaming\npm\node_modules\firebase-tools\lib\bin\firebase.js init
[debug] [2023-08-23T00:07:38.056Z] CLI Version:   12.5.0
[debug] [2023-08-23T00:07:38.056Z] Platform:      win32
[debug] [2023-08-23T00:07:38.056Z] Node Version:  v18.16.0
[debug] [2023-08-23T00:07:38.057Z] Time:          Tue Aug 22 2023 21:07:38 GMT-0300 (hora estándar de Uruguay)
[debug] [2023-08-23T00:07:38.057Z] ----------------------------------------------------------------------
[debug] 
[debug] [2023-08-23T00:07:38.133Z] > command requires scopes: ["email","openid","https://www.googleapis.com/auth/cloudplatformprojects.readonly","https://www.googleapis.com/auth/firebase","https://www.googleapis.com/auth/cloud-platform"]
[debug] [2023-08-23T00:07:38.134Z] > authorizing via signed-in user (juanpa.box.77@gmail.com)
[info] 
     ######## #### ########  ######## ########     ###     ######  ########
     ##        ##  ##     ## ##       ##     ##  ##   ##  ##       ##
     ######    ##  ########  ######   ########  #########  ######  ######
     ##        ##  ##    ##  ##       ##     ## ##     ##       ## ##
     ##       #### ##     ## ######## ########  ##     ##  ######  ########

You're about to initialize a Firebase project in this directory:

  C:\Users\juanp\clientProjects\shaddaiInmobiliaria\fireCms

Before we get started, keep in mind:

  * You are initializing within an existing Firebase project directory

[info] 
=== Project Setup
[info] 
[info] First, let's associate this project directory with a Firebase project.
[info] You can create multiple project aliases by running firebase use --add, 
[info] but for now we'll just set up a default project.
[info] 
[debug] [2023-08-23T00:07:55.618Z] Using project from CLI flag: real-estate-cms-9b6be
[debug] [2023-08-23T00:07:55.620Z] >>> [apiv2][query] GET https://firebase.googleapis.com/v1beta1/projects/real-estate-cms-9b6be [none]
[debug] [2023-08-23T00:07:56.083Z] <<< [apiv2][status] GET https://firebase.googleapis.com/v1beta1/projects/real-estate-cms-9b6be 200
[debug] [2023-08-23T00:07:56.083Z] <<< [apiv2][body] GET https://firebase.googleapis.com/v1beta1/projects/real-estate-cms-9b6be {"projectId":"real-estate-cms-9b6be","projectNumber":"91132851986","displayName":"real-estate-cms","name":"projects/real-estate-cms-9b6be","resources":{"hostingSite":"real-estate-cms-9b6be","realtimeDatabaseInstance":"real-estate-cms-9b6be-default-rtdb","storageBucket":"real-estate-cms-9b6be.appspot.com","locationId":"southamerica-east1"},"state":"ACTIVE","etag":"1_6a866c3a-2f3f-471b-8a39-6a614e36d78a"}
[info] i  Using project real-estate-cms-9b6be (real-estate-cms) 
[info] 
=== Database Setup
[info] i  database: ensuring required API firebasedatabase.googleapis.com is enabled... 
[debug] [2023-08-23T00:07:56.091Z] >>> [apiv2][query] GET https://serviceusage.googleapis.com/v1/projects/real-estate-cms-9b6be/services/firebasedatabase.googleapis.com [none]
[debug] [2023-08-23T00:07:56.091Z] >>> [apiv2][(partial)header] GET https://serviceusage.googleapis.com/v1/projects/real-estate-cms-9b6be/services/firebasedatabase.googleapis.com x-goog-quota-user=projects/real-estate-cms-9b6be
[debug] [2023-08-23T00:07:57.221Z] <<< [apiv2][status] GET https://serviceusage.googleapis.com/v1/projects/real-estate-cms-9b6be/services/firebasedatabase.googleapis.com 200
[debug] [2023-08-23T00:07:57.221Z] <<< [apiv2][body] GET https://serviceusage.googleapis.com/v1/projects/real-estate-cms-9b6be/services/firebasedatabase.googleapis.com [omitted]
[info] +  database: required API firebasedatabase.googleapis.com is enabled 
[info] 
[debug] [2023-08-23T00:07:57.222Z] >>> [apiv2][query] GET https://firebasedatabase.googleapis.com/v1beta/projects/real-estate-cms-9b6be/locations/-/instances/real-estate-cms-9b6be-default-rtdb [none]
[debug] [2023-08-23T00:07:58.633Z] <<< [apiv2][status] GET https://firebasedatabase.googleapis.com/v1beta/projects/real-estate-cms-9b6be/locations/-/instances/real-estate-cms-9b6be-default-rtdb 200
[debug] [2023-08-23T00:07:58.633Z] <<< [apiv2][body] GET https://firebasedatabase.googleapis.com/v1beta/projects/real-estate-cms-9b6be/locations/-/instances/real-estate-cms-9b6be-default-rtdb {"name":"projects/91132851986/locations/us-central1/instances/real-estate-cms-9b6be-default-rtdb","project":"projects/91132851986","databaseUrl":"https://real-estate-cms-9b6be-default-rtdb.firebaseio.com","type":"DEFAULT_DATABASE","state":"ACTIVE"}
[info] 
[info] Firebase Realtime Database Security Rules allow you to define how your data should be
[info] structured and when your data can be read from and written to.
[info] 
[debug] [2023-08-23T00:08:41.107Z] >>> [apiv2][query] GET https://real-estate-cms-9b6be-default-rtdb.firebaseio.com/.settings/rules.json [none]
[debug] [2023-08-23T00:08:41.501Z] <<< [apiv2][status] GET https://real-estate-cms-9b6be-default-rtdb.firebaseio.com/.settings/rules.json 200
[debug] [2023-08-23T00:08:41.501Z] <<< [apiv2][body] GET https://real-estate-cms-9b6be-default-rtdb.firebaseio.com/.settings/rules.json [stream]
[info] +  Database Rules for real-estate-cms-9b6be-default-rtdb have been written to database.rule.json. 
[info] Future modifications to database.rule.json will update Realtime Database Security Rules when you run
[info] firebase deploy.
[info] 
=== Firestore Setup
[debug] [2023-08-23T00:08:41.504Z] >>> [apiv2][query] GET https://serviceusage.googleapis.com/v1/projects/real-estate-cms-9b6be/services/firestore.googleapis.com [none]
[debug] [2023-08-23T00:08:41.504Z] >>> [apiv2][(partial)header] GET https://serviceusage.googleapis.com/v1/projects/real-estate-cms-9b6be/services/firestore.googleapis.com x-goog-quota-user=projects/real-estate-cms-9b6be
[debug] [2023-08-23T00:08:42.645Z] <<< [apiv2][status] GET https://serviceusage.googleapis.com/v1/projects/real-estate-cms-9b6be/services/firestore.googleapis.com 200
[debug] [2023-08-23T00:08:42.645Z] <<< [apiv2][body] GET https://serviceusage.googleapis.com/v1/projects/real-estate-cms-9b6be/services/firestore.googleapis.com [omitted]
[debug] [2023-08-23T00:08:42.645Z] >>> [apiv2][query] GET https://firestore.googleapis.com/v1/projects/real-estate-cms-9b6be/databases/(default) [none]
[debug] [2023-08-23T00:08:43.094Z] <<< [apiv2][status] GET https://firestore.googleapis.com/v1/projects/real-estate-cms-9b6be/databases/(default) 200
[debug] [2023-08-23T00:08:43.094Z] <<< [apiv2][body] GET https://firestore.googleapis.com/v1/projects/real-estate-cms-9b6be/databases/(default) {"name":"projects/real-estate-cms-9b6be/databases/(default)","uid":"0dca9ac8-de27-46be-ab82-0748e68bf1b4","createTime":"2023-08-22T21:54:10.704836Z","updateTime":"2023-08-22T21:54:10.704836Z","locationId":"southamerica-east1","type":"FIRESTORE_NATIVE","concurrencyMode":"PESSIMISTIC","versionRetentionPeriod":"3600s","earliestVersionTime":"2023-08-22T23:08:43.380464Z","appEngineIntegrationMode":"DISABLED","keyPrefix":"i","pointInTimeRecoveryEnablement":"POINT_IN_TIME_RECOVERY_DISABLED","deleteProtectionState":"DELETE_PROTECTION_DISABLED","etag":"IIfL9NC+8YADMMTLx8eg8YAD"}
[debug] [2023-08-23T00:08:43.094Z] database_type: FIRESTORE_NATIVE
[debug] [2023-08-23T00:08:43.094Z] > command requires scopes: ["email","openid","https://www.googleapis.com/auth/cloudplatformprojects.readonly","https://www.googleapis.com/auth/firebase","https://www.googleapis.com/auth/cloud-platform"]
[debug] [2023-08-23T00:08:43.094Z] > authorizing via signed-in user (juanpa.box.77@gmail.com)
[debug] [2023-08-23T00:08:43.094Z] [iam] checking project real-estate-cms-9b6be for permissions ["firebase.projects.get"]
[debug] [2023-08-23T00:08:43.095Z] >>> [apiv2][query] POST https://cloudresourcemanager.googleapis.com/v1/projects/real-estate-cms-9b6be:testIamPermissions [none]
[debug] [2023-08-23T00:08:43.095Z] >>> [apiv2][(partial)header] POST https://cloudresourcemanager.googleapis.com/v1/projects/real-estate-cms-9b6be:testIamPermissions x-goog-quota-user=projects/real-estate-cms-9b6be
[debug] [2023-08-23T00:08:43.095Z] >>> [apiv2][body] POST https://cloudresourcemanager.googleapis.com/v1/projects/real-estate-cms-9b6be:testIamPermissions {"permissions":["firebase.projects.get"]}
[debug] [2023-08-23T00:08:44.057Z] <<< [apiv2][status] POST https://cloudresourcemanager.googleapis.com/v1/projects/real-estate-cms-9b6be:testIamPermissions 200
[debug] [2023-08-23T00:08:44.057Z] <<< [apiv2][body] POST https://cloudresourcemanager.googleapis.com/v1/projects/real-estate-cms-9b6be:testIamPermissions {"permissions":["firebase.projects.get"]}
[info] 
[info] Firestore Security Rules allow you to define how and when to allow
[info] requests. You can keep these rules in your project directory
[info] and publish them with firebase deploy.
[info] 
[debug] [2023-08-23T00:08:53.083Z] >>> [apiv2][query] GET https://firebaserules.googleapis.com/v1/projects/real-estate-cms-9b6be/releases pageSize=10&pageToken=
[debug] [2023-08-23T00:08:55.078Z] <<< [apiv2][status] GET https://firebaserules.googleapis.com/v1/projects/real-estate-cms-9b6be/releases 200
[debug] [2023-08-23T00:08:55.078Z] <<< [apiv2][body] GET https://firebaserules.googleapis.com/v1/projects/real-estate-cms-9b6be/releases {"releases":[{"name":"projects/real-estate-cms-9b6be/releases/cloud.firestore","rulesetName":"projects/real-estate-cms-9b6be/rulesets/42506e04-b6af-484b-bc38-752c8735b47c","createTime":"2023-08-22T21:54:15.447927Z","updateTime":"2023-08-22T21:57:25.620577Z"}]}
[debug] [2023-08-23T00:08:55.078Z] Found ruleset: projects/real-estate-cms-9b6be/rulesets/42506e04-b6af-484b-bc38-752c8735b47c
[debug] [2023-08-23T00:08:55.078Z] >>> [apiv2][query] GET https://firebaserules.googleapis.com/v1/projects/real-estate-cms-9b6be/rulesets/42506e04-b6af-484b-bc38-752c8735b47c [none]
[debug] [2023-08-23T00:08:56.118Z] <<< [apiv2][status] GET https://firebaserules.googleapis.com/v1/projects/real-estate-cms-9b6be/rulesets/42506e04-b6af-484b-bc38-752c8735b47c 200
[debug] [2023-08-23T00:08:56.118Z] <<< [apiv2][body] GET https://firebaserules.googleapis.com/v1/projects/real-estate-cms-9b6be/rulesets/42506e04-b6af-484b-bc38-752c8735b47c [omitted]
[info] 
[info] Firestore indexes allow you to perform complex queries while
[info] maintaining performance that scales with the size of the result
[info] set. You can keep index definitions in your project directory
[info] and publish them with firebase deploy.
[info] 
[debug] [2023-08-23T00:09:14.827Z] >>> [apiv2][query] GET https://firestore.googleapis.com/v1/projects/real-estate-cms-9b6be/databases/(default)/collectionGroups/-/indexes [none]
[debug] [2023-08-23T00:09:14.828Z] >>> [apiv2][query] GET https://firestore.googleapis.com/v1/projects/real-estate-cms-9b6be/databases/(default)/collectionGroups/-/fields?filter=indexConfig.usesAncestorConfig=false OR ttlConfig:* [none]
[debug] [2023-08-23T00:09:15.155Z] <<< [apiv2][status] GET https://firestore.googleapis.com/v1/projects/real-estate-cms-9b6be/databases/(default)/collectionGroups/-/indexes 200
[debug] [2023-08-23T00:09:15.155Z] <<< [apiv2][body] GET https://firestore.googleapis.com/v1/projects/real-estate-cms-9b6be/databases/(default)/collectionGroups/-/indexes {}
[debug] [2023-08-23T00:09:15.986Z] <<< [apiv2][status] GET https://firestore.googleapis.com/v1/projects/real-estate-cms-9b6be/databases/(default)/collectionGroups/-/fields?filter=indexConfig.usesAncestorConfig=false OR ttlConfig:* 200
[debug] [2023-08-23T00:09:15.986Z] <<< [apiv2][body] GET https://firestore.googleapis.com/v1/projects/real-estate-cms-9b6be/databases/(default)/collectionGroups/-/fields?filter=indexConfig.usesAncestorConfig=false OR ttlConfig:* {"fields":[{"name":"projects/real-estate-cms-9b6be/databases/(default)/collectionGroups/__default__/fields/*","indexConfig":{"indexes":[{"queryScope":"COLLECTION","fields":[{"fieldPath":"*","order":"ASCENDING"}],"state":"READY"},{"queryScope":"COLLECTION","fields":[{"fieldPath":"*","order":"DESCENDING"}],"state":"READY"},{"queryScope":"COLLECTION","fields":[{"fieldPath":"*","arrayConfig":"CONTAINS"}],"state":"READY"}]}}]}
[info] 
=== Hosting Setup
[info] 
[info] Your public directory is the folder (relative to your project directory) that
[info] will contain Hosting assets to be uploaded with firebase deploy. If you
[info] have a build process for your assets, use your build's output directory.
[info] 
[debug] [2023-08-23T00:09:35.786Z] >>> [apiv2][query] GET https://www.gstatic.com/firebasejs/releases.json [none]
[debug] [2023-08-23T00:09:35.963Z] <<< [apiv2][status] GET https://www.gstatic.com/firebasejs/releases.json 200
[debug] [2023-08-23T00:09:35.963Z] <<< [apiv2][body] GET https://www.gstatic.com/firebasejs/releases.json {"current":{"version":"10.3.0","browserURL":"https://www.gstatic.com/firebasejs/10.3.0/firebase.js","packageURL":"https://www.gstatic.com/firebasejs/10.3.0/firebase.tgz"},"live":{"version":"10.3","browserURL":"https://www.gstatic.com/firebasejs/live/10.3/firebase.js","packageURL":"https://www.gstatic.com/firebasejs/live/10.3/firebase.tgz"},"components":{"analytics":"https://www.gstatic.com/firebasejs/10.3.0/firebase-analytics.js","app":"https://www.gstatic.com/firebasejs/10.3.0/firebase-app.js","app-check":"https://www.gstatic.com/firebasejs/10.3.0/firebase-app-check.js","auth":"https://www.gstatic.com/firebasejs/10.3.0/firebase-auth.js","auth/cordova":"https://www.gstatic.com/firebasejs/10.3.0/firebase-auth/cordova.js","functions":"https://www.gstatic.com/firebasejs/10.3.0/firebase-functions.js","firestore":"https://www.gstatic.com/firebasejs/10.3.0/firebase-firestore.js","firestore/lite":"https://www.gstatic.com/firebasejs/10.3.0/firebase-firestore/lite.js","installations":"https://www.gstatic.com/firebasejs/10.3.0/firebase-installations.js","storage":"https://www.gstatic.com/firebasejs/10.3.0/firebase-storage.js","performance":"https://www.gstatic.com/firebasejs/10.3.0/firebase-performance.js","remote-config":"https://www.gstatic.com/firebasejs/10.3.0/firebase-remote-config.js","messaging":"https://www.gstatic.com/firebasejs/10.3.0/firebase-messaging.js","messaging/sw":"https://www.gstatic.com/firebasejs/10.3.0/firebase-messaging/sw.js","database":"https://www.gstatic.com/firebasejs/10.3.0/firebase-database.js","firestore.memory":"https://www.gstatic.com/firebasejs/10.3.0/firebase-firestore.memory.js"}}
[info] +  Wrote public/index.html 
[info] 
[info] i  Detected a .git folder at C:\Users\juanp\clientProjects\shaddaiInmobiliaria\fireCms 
[info] i  Authorizing with GitHub to upload your service account to a GitHub repository's secrets store. 
[info] 
[info] Visit this URL on this device to log in:
[info] https://github.com/login/oauth/authorize?client_id=89cf50f02ac6aaed3484&state=226694202&redirect_uri=http%3A%2F%2Flocalhost%3A9005&scope=read%3Auser%20repo%20public_repo
[info] 
[info] Waiting for authentication...
[debug] [2023-08-23T00:09:50.428Z] >>> [apiv2][query] POST https://github.com/login/oauth/access_token [none]
[debug] [2023-08-23T00:09:50.429Z] >>> [apiv2][body] POST https://github.com/login/oauth/access_token [stream]
[debug] [2023-08-23T00:09:51.012Z] <<< [apiv2][status] POST https://github.com/login/oauth/access_token 200
[debug] [2023-08-23T00:09:51.012Z] <<< [apiv2][body] POST https://github.com/login/oauth/access_token {"access_token":"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","token_type":"bearer","scope":"read:user,repo"}
[debug] [2023-08-23T00:09:51.016Z] >>> [apiv2][query] GET https://api.github.com/user [none]
[debug] [2023-08-23T00:09:51.521Z] <<< [apiv2][status] GET https://api.github.com/user 200
[debug] [2023-08-23T00:09:51.521Z] <<< [apiv2][body] GET https://api.github.com/user {"login":"juanpa77","id":71194964,"node_id":"MDQ6VXNlcjcxMTk0OTY0","avatar_url":"https://avatars.githubusercontent.com/u/71194964?v=4","gravatar_id":"","url":"https://api.github.com/users/juanpa77","html_url":"https://github.com/juanpa77","followers_url":"https://api.github.com/users/juanpa77/followers","following_url":"https://api.github.com/users/juanpa77/following{/other_user}","gists_url":"https://api.github.com/users/juanpa77/gists{/gist_id}","starred_url":"https://api.github.com/users/juanpa77/starred{/owner}{/repo}","subscriptions_url":"https://api.github.com/users/juanpa77/subscriptions","organizations_url":"https://api.github.com/users/juanpa77/orgs","repos_url":"https://api.github.com/users/juanpa77/repos","events_url":"https://api.github.com/users/juanpa77/events{/privacy}","received_events_url":"https://api.github.com/users/juanpa77/received_events","type":"User","site_admin":false,"name":"Juan","company":null,"blog":"","location":null,"email":null,"hireable":null,"bio":null,"twitter_username":null,"public_repos":21,"public_gists":0,"followers":8,"following":17,"created_at":"2020-09-12T21:27:37Z","updated_at":"2023-08-15T16:03:55Z","private_gists":0,"total_private_repos":2,"owned_private_repos":2,"disk_usage":9343,"collaborators":0,"two_factor_authentication":false,"plan":{"name":"free","space":976562499,"collaborators":0,"private_repos":10000}}
[info] 
[info] +  Success! Logged into GitHub as juanpa77 
[info] 
